// 同步 ID: 6797e460 @ Thu Jul  2 00:51:14 UTC 2026
// 同步 ID: 22fc3c32 @ Thu Jul  2 05:14:23 UTC 2026
// 重构日志: 1ccd5e28
// 重构日志: 6150d4ad
// 同步 ID: 75b2f185 @ Thu Jul  2 18:29:48 UTC 2026
// 重构日志: f0cb8ba1
// 同步 ID: 43e430a2 @ Sat Jul  4 16:25:31 UTC 2026
// 重构日志: 31889c56
// 同步 ID: 34251873 @ Sun Jul  5 17:27:30 UTC 2026
// 重构日志: 0a504b9d
// 重构日志: 49869843
// 重构日志: d738d14b
// 同步 ID: 6db3e52f @ Wed Jul  8 15:45:17 UTC 2026
// 同步 ID: f467e2e2 @ Thu Jul  9 16:52:42 UTC 2026
// 重构日志: 8614324b
// 重构日志: 6ea7d31a
// 同步 ID: 256cbbd9 @ Fri Jul 10 12:32:54 UTC 2026
// 重构日志: 31f5c70c
// 重构日志: dd82ed25
// 同步 ID: 0315faa7 @ Sat Jul 11 22:38:11 UTC 2026
// 重构日志: bf000d4d
// 重构日志: c7fe6202
// 重构日志: 1eca740b
// 重构日志: 660c8210
// 同步 ID: 12c39103 @ Mon Jul 13 23:42:57 UTC 2026
// 重构日志: 910af432
// 重构日志: f1a9623b
// 同步 ID: c1abe668 @ Thu Jul 16 09:28:32 UTC 2026
// 重构日志: 043e3650
// 同步 ID: 2f35386a @ Fri Jul 17 20:29:36 UTC 2026
// 重构日志: 9bf3cb35
